<?xml version="1.0" encoding="UTF-8"?>
<testng-results ignored="0" total="2" passed="2" failed="0" skipped="0">
  <reporter-output>
  </reporter-output>
  <suite started-at="2023-12-28T08:01:05 IST" name="Default suite" finished-at="2023-12-28T08:01:05 IST" duration-ms="41">
    <groups>
    </groups>
    <test started-at="2023-12-28T08:01:05 IST" name="Default test" finished-at="2023-12-28T08:01:05 IST" duration-ms="41">
      <class name="tdd_elearning.tdd_elearning.course_test">
        <test-method signature="testAddModuleToCourse()[pri:0, instance:tdd_elearning.tdd_elearning.course_test@22a637e7]" started-at="2023-12-28T08:01:05 IST" name="testAddModuleToCourse" finished-at="2023-12-28T08:01:05 IST" duration-ms="12" status="PASS">
          <reporter-output>
          </reporter-output>
        </test-method> <!-- testAddModuleToCourse -->
        <test-method signature="testCreateCourse()[pri:0, instance:tdd_elearning.tdd_elearning.course_test@22a637e7]" started-at="2023-12-28T08:01:05 IST" name="testCreateCourse" finished-at="2023-12-28T08:01:05 IST" duration-ms="1" status="PASS">
          <reporter-output>
          </reporter-output>
        </test-method> <!-- testCreateCourse -->
      </class> <!-- tdd_elearning.tdd_elearning.course_test -->
    </test> <!-- Default test -->
  </suite> <!-- Default suite -->
</testng-results>
